# JRE version: Java(TM) SE Runtime Environment (8.0_05-b13) (build 1.8.0_05-b13)
# Java VM: Java HotSpot(TM) 64-Bit Server VM (25.5-b02 mixed mode linux-amd64 compressed oops)
Heap:
 PSYoungGen      total 388608K, used 202167K [0x00000000d5580000, 0x00000000f6800000, 0x0000000100000000)
  eden space 270848K, 39% used [0x00000000d5580000,0x00000000dbf24d70,0x00000000e5e00000)
  from space 117760K, 79% used [0x00000000edd80000,0x00000000f39490a0,0x00000000f5080000)
  to   space 130560K, 0% used [0x00000000e5e00000,0x00000000e5e00000,0x00000000edd80000)
 ParOldGen       total 413184K, used 177099K [0x0000000080000000, 0x0000000099380000, 0x00000000d5580000)
  object space 413184K, 42% used [0x0000000080000000,0x000000008acf2e50,0x0000000099380000)
 Metaspace       used 121689K, capacity 128070K, committed 128256K, reserved 1161216K
  class space    used 15508K, capacity 16847K, committed 16896K, reserved 1048576K
GC Heap History (10 events):
Event: 3659.031 GC heap before
{Heap before GC invocations=209 (full 25):
 PSYoungGen      total 354304K, used 337449K [0x00000000d5580000, 0x00000000efa00000, 0x0000000100000000)
  eden space 293376K, 99% used [0x00000000d5580000,0x00000000e7317d78,0x00000000e7400000)
  from space 60928K, 73% used [0x00000000e7400000,0x00000000e9ff2740,0x00000000eaf80000)
  to   space 67584K, 0% used [0x00000000eb800000,0x00000000eb800000,0x00000000efa00000)
 ParOldGen       total 413184K, used 138362K [0x0000000080000000, 0x0000000099380000, 0x00000000d5580000)
  object space 413184K, 33% used [0x0000000080000000,0x000000008871eab8,0x0000000099380000)
 Metaspace       used 116749K, capacity 122878K, committed 123136K, reserved 1157120K
  class space    used 14775K, capacity 16075K, committed 16128K, reserved 1048576K
Event: 3659.061 GC heap after
Heap after GC invocations=209 (full 25):
 PSYoungGen      total 358400K, used 44076K [0x00000000d5580000, 0x00000000f0300000, 0x0000000100000000)
  eden space 290816K, 0% used [0x00000000d5580000,0x00000000d5580000,0x00000000e7180000)
  from space 67584K, 65% used [0x00000000eb800000,0x00000000ee30b1b0,0x00000000efa00000)
  to   space 72192K, 0% used [0x00000000e7180000,0x00000000e7180000,0x00000000eb800000)
 ParOldGen       total 413184K, used 138370K [0x0000000080000000, 0x0000000099380000, 0x00000000d5580000)
  object space 413184K, 33% used [0x0000000080000000,0x0000000088720ab8,0x0000000099380000)
 Metaspace       used 116749K, capacity 122878K, committed 123136K, reserved 1157120K
  class space    used 14775K, capacity 16075K, committed 16128K, reserved 1048576K
}
Event: 3659.124 GC heap before
{Heap before GC invocations=210 (full 25):
 PSYoungGen      total 358400K, used 334389K [0x00000000d5580000, 0x00000000f0300000, 0x0000000100000000)
  eden space 290816K, 99% used [0x00000000d5580000,0x00000000e7102350,0x00000000e7180000)
  from space 67584K, 65% used [0x00000000eb800000,0x00000000ee30b1b0,0x00000000efa00000)
  to   space 72192K, 0% used [0x00000000e7180000,0x00000000e7180000,0x00000000eb800000)
 ParOldGen       total 413184K, used 138370K [0x0000000080000000, 0x0000000099380000, 0x00000000d5580000)
  object space 413184K, 33% used [0x0000000080000000,0x0000000088720ab8,0x0000000099380000)
 Metaspace       used 116757K, capacity 122878K, committed 123136K, reserved 1157120K
  class space    used 14775K, capacity 16075K, committed 16128K, reserved 1048576K
Event: 3659.151 GC heap after
Heap after GC invocations=210 (full 25):
 PSYoungGen      total 363008K, used 39154K [0x00000000d5580000, 0x00000000f0e00000, 0x0000000100000000)
  eden space 290816K, 0% used [0x00000000d5580000,0x00000000d5580000,0x00000000e7180000)
  from space 72192K, 54% used [0x00000000e7180000,0x00000000e97bcbd8,0x00000000eb800000)
  to   space 74240K, 0% used [0x00000000ec580000,0x00000000ec580000,0x00000000f0e00000)
 ParOldGen       total 413184K, used 138370K [0x0000000080000000, 0x0000000099380000, 0x00000000d5580000)
  object space 413184K, 33% used [0x0000000080000000,0x0000000088720ab8,0x0000000099380000)
 Metaspace       used 116757K, capacity 122878K, committed 123136K, reserved 1157120K
  class space    used 14775K, capacity 16075K, committed 16128K, reserved 1048576K
}
Event: 3661.309 GC heap before
{Heap before GC invocations=211 (full 25):
 PSYoungGen      total 363008K, used 329970K [0x00000000d5580000, 0x00000000f0e00000, 0x0000000100000000)
  eden space 290816K, 100% used [0x00000000d5580000,0x00000000e7180000,0x00000000e7180000)
  from space 72192K, 54% used [0x00000000e7180000,0x00000000e97bcbd8,0x00000000eb800000)
  to   space 74240K, 0% used [0x00000000ec580000,0x00000000ec580000,0x00000000f0e00000)
 ParOldGen       total 413184K, used 138370K [0x0000000080000000, 0x0000000099380000, 0x00000000d5580000)
  object space 413184K, 33% used [0x0000000080000000,0x0000000088720ab8,0x0000000099380000)
 Metaspace       used 117716K, capacity 123932K, committed 124032K, reserved 1157120K
  class space    used 14883K, capacity 16190K, committed 16256K, reserved 1048576K
Event: 3661.393 GC heap after
Heap after GC invocations=211 (full 25):
 PSYoungGen      total 348672K, used 74211K [0x00000000d5580000, 0x00000000f4400000, 0x0000000100000000)
  eden space 274432K, 0% used [0x00000000d5580000,0x00000000d5580000,0x00000000e6180000)
  from space 74240K, 99% used [0x00000000ec580000,0x00000000f0df8cb0,0x00000000f0e00000)
  to   space 102400K, 0% used [0x00000000e6180000,0x00000000e6180000,0x00000000ec580000)
 ParOldGen       total 413184K, used 177091K [0x0000000080000000, 0x0000000099380000, 0x00000000d5580000)
  object space 413184K, 42% used [0x0000000080000000,0x000000008acf0e50,0x0000000099380000)
 Metaspace       used 117716K, capacity 123932K, committed 124032K, reserved 1157120K
  class space    used 14883K, capacity 16190K, committed 16256K, reserved 1048576K
}
Event: 3663.238 GC heap before
{Heap before GC invocations=212 (full 25):
 PSYoungGen      total 348672K, used 348643K [0x00000000d5580000, 0x00000000f4400000, 0x0000000100000000)
  eden space 274432K, 100% used [0x00000000d5580000,0x00000000e6180000,0x00000000e6180000)
  from space 74240K, 99% used [0x00000000ec580000,0x00000000f0df8cb0,0x00000000f0e00000)
  to   space 102400K, 0% used [0x00000000e6180000,0x00000000e6180000,0x00000000ec580000)
 ParOldGen       total 413184K, used 177091K [0x0000000080000000, 0x0000000099380000, 0x00000000d5580000)
  object space 413184K, 42% used [0x0000000080000000,0x000000008acf0e50,0x0000000099380000)
 Metaspace       used 120460K, capacity 126726K, committed 126976K, reserved 1159168K
  class space    used 15293K, capacity 16625K, committed 16640K, reserved 1048576K
Event: 3663.312 GC heap after
Heap after GC invocations=212 (full 25):
 PSYoungGen      total 376832K, used 91865K [0x00000000d5580000, 0x00000000f5080000, 0x0000000100000000)
  eden space 274432K, 0% used [0x00000000d5580000,0x00000000d5580000,0x00000000e6180000)
  from space 102400K, 89% used [0x00000000e6180000,0x00000000ebb367b8,0x00000000ec580000)
  to   space 117760K, 0% used [0x00000000edd80000,0x00000000edd80000,0x00000000f5080000)
 ParOldGen       total 413184K, used 177099K [0x0000000080000000, 0x0000000099380000, 0x00000000d5580000)
  object space 413184K, 42% used [0x0000000080000000,0x000000008acf2e50,0x0000000099380000)
 Metaspace       used 120460K, capacity 126726K, committed 126976K, reserved 1159168K
  class space    used 15293K, capacity 16625K, committed 16640K, reserved 1048576K
}
Event: 3688.898 GC heap before
{Heap before GC invocations=213 (full 25):
 PSYoungGen      total 376832K, used 366297K [0x00000000d5580000, 0x00000000f5080000, 0x0000000100000000)
  eden space 274432K, 100% used [0x00000000d5580000,0x00000000e6180000,0x00000000e6180000)
  from space 102400K, 89% used [0x00000000e6180000,0x00000000ebb367b8,0x00000000ec580000)
  to   space 117760K, 0% used [0x00000000edd80000,0x00000000edd80000,0x00000000f5080000)
 ParOldGen       total 413184K, used 177099K [0x0000000080000000, 0x0000000099380000, 0x00000000d5580000)
  object space 413184K, 42% used [0x0000000080000000,0x000000008acf2e50,0x0000000099380000)
 Metaspace       used 121535K, capacity 127866K, committed 128000K, reserved 1161216K
  class space    used 15487K, capacity 16803K, committed 16896K, reserved 1048576K
Event: 3689.243 GC heap after
Heap after GC invocations=213 (full 25):
 PSYoungGen      total 388608K, used 93988K [0x00000000d5580000, 0x00000000f6800000, 0x0000000100000000)
  eden space 270848K, 0% used [0x00000000d5580000,0x00000000d5580000,0x00000000e5e00000)
  from space 117760K, 79% used [0x00000000edd80000,0x00000000f39490a0,0x00000000f5080000)
  to   space 130560K, 0% used [0x00000000e5e00000,0x00000000e5e00000,0x00000000edd80000)
 ParOldGen       total 413184K, used 177099K [0x0000000080000000, 0x0000000099380000, 0x00000000d5580000)
  object space 413184K, 42% used [0x0000000080000000,0x000000008acf2e50,0x0000000099380000)
 Metaspace       used 121535K, capacity 127866K, committed 128000K, reserved 1161216K
  class space    used 15487K, capacity 16803K, committed 16896K, reserved 1048576K
}

